# JRE version: OpenJDK Runtime Environment (17.0.11) (build 17.0.11+0--11852314)
# Java VM: OpenJDK 64-Bit Server VM (17.0.11+0--11852314, mixed mode, tiered, compressed oops, compressed class ptrs, g1 gc, windows-amd64)
GC Precious Log:
 CPUs: 8 total, 8 available
 Memory: 16262M
 Large Page Support: Disabled
 NUMA Support: Disabled
 Compressed Oops: Enabled (32-bit)
 Heap Region Size: 1M
 Heap Min Capacity: 8M
 Heap Initial Capacity: 256M
 Heap Max Capacity: 2G
 Pre-touch: Disabled
 Parallel Workers: 8
 Concurrent Workers: 2
 Concurrent Refinement Workers: 8
 Periodic GC: Disabled
Heap:
 garbage-first heap   total 377856K, used 169333K [0x0000000080000000, 0x0000000100000000)
  region size 1024K, 4 young (4096K), 4 survivors (4096K)
 Metaspace       used 145280K, committed 146368K, reserved 1179648K
  class space    used 19630K, committed 20160K, reserved 1048576K
GC Heap History (20 events):
Event: 5398.573 GC heap after
{Heap after GC invocations=103 (full 1):
 garbage-first heap   total 377856K, used 153867K [0x0000000080000000, 0x0000000100000000)
  region size 1024K, 21 young (21504K), 21 survivors (21504K)
 Metaspace       used 143351K, committed 144448K, reserved 1179648K
  class space    used 19550K, committed 20096K, reserved 1048576K
}
Event: 5408.450 GC heap before
{Heap before GC invocations=103 (full 1):
 garbage-first heap   total 377856K, used 292107K [0x0000000080000000, 0x0000000100000000)
  region size 1024K, 157 young (160768K), 21 survivors (21504K)
 Metaspace       used 143522K, committed 144640K, reserved 1179648K
  class space    used 19580K, committed 20160K, reserved 1048576K
}
Event: 5408.485 GC heap after
{Heap after GC invocations=104 (full 1):
 garbage-first heap   total 377856K, used 155168K [0x0000000080000000, 0x0000000100000000)
  region size 1024K, 5 young (5120K), 5 survivors (5120K)
 Metaspace       used 143522K, committed 144640K, reserved 1179648K
  class space    used 19580K, committed 20160K, reserved 1048576K
}
Event: 5612.254 GC heap before
{Heap before GC invocations=105 (full 1):
 garbage-first heap   total 377856K, used 327200K [0x0000000080000000, 0x0000000100000000)
  region size 1024K, 145 young (148480K), 5 survivors (5120K)
 Metaspace       used 143948K, committed 145088K, reserved 1179648K
  class space    used 19595K, committed 20160K, reserved 1048576K
}
Event: 5612.263 GC heap after
{Heap after GC invocations=106 (full 1):
 garbage-first heap   total 377856K, used 156102K [0x0000000080000000, 0x0000000100000000)
  region size 1024K, 6 young (6144K), 6 survivors (6144K)
 Metaspace       used 143948K, committed 145088K, reserved 1179648K
  class space    used 19595K, committed 20160K, reserved 1048576K
}
Event: 5612.392 GC heap before
{Heap before GC invocations=106 (full 1):
 garbage-first heap   total 377856K, used 167366K [0x0000000080000000, 0x0000000100000000)
  region size 1024K, 18 young (18432K), 6 survivors (6144K)
 Metaspace       used 143948K, committed 145088K, reserved 1179648K
  class space    used 19595K, committed 20160K, reserved 1048576K
}
Event: 5612.402 GC heap after
{Heap after GC invocations=107 (full 1):
 garbage-first heap   total 377856K, used 158457K [0x0000000080000000, 0x0000000100000000)
  region size 1024K, 3 young (3072K), 3 survivors (3072K)
 Metaspace       used 143948K, committed 145088K, reserved 1179648K
  class space    used 19595K, committed 20160K, reserved 1048576K
}
Event: 5616.552 GC heap before
{Heap before GC invocations=107 (full 1):
 garbage-first heap   total 377856K, used 304889K [0x0000000080000000, 0x0000000100000000)
  region size 1024K, 147 young (150528K), 3 survivors (3072K)
 Metaspace       used 144201K, committed 145280K, reserved 1179648K
  class space    used 19599K, committed 20160K, reserved 1048576K
}
Event: 5616.566 GC heap after
{Heap after GC invocations=108 (full 1):
 garbage-first heap   total 377856K, used 169245K [0x0000000080000000, 0x0000000100000000)
  region size 1024K, 14 young (14336K), 14 survivors (14336K)
 Metaspace       used 144201K, committed 145280K, reserved 1179648K
  class space    used 19599K, committed 20160K, reserved 1048576K
}
Event: 5631.982 GC heap before
{Heap before GC invocations=109 (full 1):
 garbage-first heap   total 377856K, used 296221K [0x0000000080000000, 0x0000000100000000)
  region size 1024K, 148 young (151552K), 14 survivors (14336K)
 Metaspace       used 144381K, committed 145536K, reserved 1179648K
  class space    used 19605K, committed 20160K, reserved 1048576K
}
Event: 5632.009 GC heap after
{Heap after GC invocations=110 (full 1):
 garbage-first heap   total 377856K, used 166769K [0x0000000080000000, 0x0000000100000000)
  region size 1024K, 8 young (8192K), 8 survivors (8192K)
 Metaspace       used 144381K, committed 145536K, reserved 1179648K
  class space    used 19605K, committed 20160K, reserved 1048576K
}
Event: 5632.021 GC heap before
{Heap before GC invocations=110 (full 1):
 garbage-first heap   total 377856K, used 177009K [0x0000000080000000, 0x0000000100000000)
  region size 1024K, 18 young (18432K), 8 survivors (8192K)
 Metaspace       used 144382K, committed 145536K, reserved 1179648K
  class space    used 19605K, committed 20160K, reserved 1048576K
}
Event: 5632.027 GC heap after
{Heap after GC invocations=111 (full 1):
 garbage-first heap   total 377856K, used 156836K [0x0000000080000000, 0x0000000100000000)
  region size 1024K, 2 young (2048K), 2 survivors (2048K)
 Metaspace       used 144382K, committed 145536K, reserved 1179648K
  class space    used 19605K, committed 20160K, reserved 1048576K
}
Event: 5634.429 GC heap before
{Heap before GC invocations=111 (full 1):
 garbage-first heap   total 377856K, used 305316K [0x0000000080000000, 0x0000000100000000)
  region size 1024K, 147 young (150528K), 2 survivors (2048K)
 Metaspace       used 144866K, committed 145984K, reserved 1179648K
  class space    used 19612K, committed 20160K, reserved 1048576K
}
Event: 5634.441 GC heap after
{Heap after GC invocations=112 (full 1):
 garbage-first heap   total 377856K, used 165615K [0x0000000080000000, 0x0000000100000000)
  region size 1024K, 11 young (11264K), 11 survivors (11264K)
 Metaspace       used 144866K, committed 145984K, reserved 1179648K
  class space    used 19612K, committed 20160K, reserved 1048576K
}
Event: 5635.186 GC heap before
{Heap before GC invocations=113 (full 1):
 garbage-first heap   total 377856K, used 305903K [0x0000000080000000, 0x0000000100000000)
  region size 1024K, 148 young (151552K), 11 survivors (11264K)
 Metaspace       used 145069K, committed 146176K, reserved 1179648K
  class space    used 19626K, committed 20160K, reserved 1048576K
}
Event: 5635.198 GC heap after
{Heap after GC invocations=114 (full 1):
 garbage-first heap   total 377856K, used 169109K [0x0000000080000000, 0x0000000100000000)
  region size 1024K, 6 young (6144K), 6 survivors (6144K)
 Metaspace       used 145069K, committed 146176K, reserved 1179648K
  class space    used 19626K, committed 20160K, reserved 1048576K
}
Event: 5635.243 GC heap before
{Heap before GC invocations=114 (full 1):
 garbage-first heap   total 377856K, used 181397K [0x0000000080000000, 0x0000000100000000)
  region size 1024K, 18 young (18432K), 6 survivors (6144K)
 Metaspace       used 145072K, committed 146176K, reserved 1179648K
  class space    used 19626K, committed 20160K, reserved 1048576K
}
Event: 5635.253 GC heap after
{Heap after GC invocations=115 (full 1):
 garbage-first heap   total 377856K, used 167574K [0x0000000080000000, 0x0000000100000000)
  region size 1024K, 2 young (2048K), 2 survivors (2048K)
 Metaspace       used 145072K, committed 146176K, reserved 1179648K
  class space    used 19626K, committed 20160K, reserved 1048576K
}
Event: 5635.794 GC heap before
{Heap before GC invocations=115 (full 1):
 garbage-first heap   total 377856K, used 308886K [0x0000000080000000, 0x0000000100000000)
  region size 1024K, 141 young (144384K), 2 survivors (2048K)
 Metaspace       used 145280K, committed 146368K, reserved 1179648K
  class space    used 19630K, committed 20160K, reserved 1048576K
}

